2026-02-26 11:32:41,327 [INFO] Activator:176 - 


2026-02-26 11:32:41,327 [INFO] Activator:177 - !SESSION log4j initialized
2026-02-26 11:32:43,989 [INFO] LogOutputStream:77 - [STDOUT_REDIRECT] 
2026-02-26 11:32:45,297 [INFO] ApplicationProperties:184 - Using Application install path: C:\ST\STM32CubeIDE_1.18.1\STM32CubeIDE\plugins\com.st.stm32cube.common.mx_6.14.1.202504091515
2026-02-26 11:32:45,307 [INFO] DbMcusXml:78 - Set database path to: C:\ST\STM32CubeIDE_1.18.1\STM32CubeIDE\plugins\com.st.stm32cube.common.mx_6.14.1.202504091515\\db\/mcu/
2026-02-26 11:32:45,307 [INFO] ApiDb:274 - Set plugin database path to: C:\ST\STM32CubeIDE_1.18.1\STM32CubeIDE\plugins\com.st.stm32cube.common.mx_6.14.1.202504091515\\db\/plugins/boardmanager/
2026-02-26 11:32:45,308 [WARN] ApiDb:259 - Overriding images path with different value:  => C:\ST\STM32CubeIDE_1.18.1\STM32CubeIDE\plugins\com.st.stm32cube.common.mx_6.14.1.202504091515\\db\/plugins/mcufinder/images/
2026-02-26 11:32:45,311 [INFO] ApiDb:250 - Set database path to: C:\Users\conar\.stmcufinder\plugins\mcufinder//mcu/
2026-02-26 11:32:45,312 [INFO] DbMcusAds:125 - Set database path to: C:\Users\conar\.stmcufinder\plugins\mcufinder//mcu/
2026-02-26 11:32:45,313 [INFO] CrossReferenceDbSqlite:203 - Set database path to: C:\Users\conar\.stmcufinder\plugins\mcufinder//mcu/cs/
2026-02-26 11:32:45,390 [INFO] RulesReader:64 - Compatibility file has been processed (302 Rules)
2026-02-26 11:32:45,444 [INFO] DbMcusXml:78 - Set database path to: C:\ST\STM32CubeIDE_1.18.1\STM32CubeIDE\plugins\com.st.stm32cube.common.mx_6.14.1.202504091515\\db\/mcu/
2026-02-26 11:32:45,444 [INFO] ApiDb:274 - Set plugin database path to: C:\ST\STM32CubeIDE_1.18.1\STM32CubeIDE\plugins\com.st.stm32cube.common.mx_6.14.1.202504091515\\db\/plugins/boardmanager/
2026-02-26 11:32:45,445 [INFO] ApiDb:261 - Set plugin images path to: C:\ST\STM32CubeIDE_1.18.1\STM32CubeIDE\plugins\com.st.stm32cube.common.mx_6.14.1.202504091515\\db\/plugins/mcufinder/images/
2026-02-26 11:32:45,445 [WARN] DbFile:41 - Overriding database path with different value: C:\Users\conar\.stmcufinder\plugins\mcufinder/ => C:\Users\conar\.stmcufinder\plugins\mcufinder
2026-02-26 11:32:45,445 [INFO] ApiDb:250 - Set database path to: C:\Users\conar\.stmcufinder\plugins\mcufinder//mcu/
2026-02-26 11:32:45,445 [WARN] DbFile:41 - Overriding database path with different value: C:\Users\conar\.stmcufinder\plugins\mcufinder/ => C:\Users\conar\.stmcufinder\plugins\mcufinder
2026-02-26 11:32:45,445 [INFO] DbMcusAds:125 - Set database path to: C:\Users\conar\.stmcufinder\plugins\mcufinder//mcu/
2026-02-26 11:32:45,445 [WARN] DbFile:41 - Overriding database path with different value: C:\Users\conar\.stmcufinder\plugins\mcufinder/ => C:\Users\conar\.stmcufinder\plugins\mcufinder
2026-02-26 11:32:45,445 [WARN] DbFile:41 - Overriding database path with different value: C:\Users\conar\.stmcufinder\plugins\mcufinder/ => C:\Users\conar\.stmcufinder\plugins\mcufinder
2026-02-26 11:32:45,445 [INFO] CrossReferenceDbSqlite:203 - Set database path to: C:\Users\conar\.stmcufinder\plugins\mcufinder//mcu/cs/
2026-02-26 11:32:45,493 [INFO] MainPanel:272 - HeapMemory: 268435456
2026-02-26 11:32:45,553 [INFO] DbMcusXml:78 - Set database path to: C:\ST\STM32CubeIDE_1.18.1\STM32CubeIDE\plugins\com.st.stm32cube.common.mx_6.14.1.202504091515\\db\/mcu/
2026-02-26 11:32:45,553 [INFO] ApiDb:274 - Set plugin database path to: C:\ST\STM32CubeIDE_1.18.1\STM32CubeIDE\plugins\com.st.stm32cube.common.mx_6.14.1.202504091515\\db\/plugins/boardmanager/
2026-02-26 11:32:45,553 [INFO] ApiDb:261 - Set plugin images path to: C:\ST\STM32CubeIDE_1.18.1\STM32CubeIDE\plugins\com.st.stm32cube.common.mx_6.14.1.202504091515\\db\/plugins/mcufinder/images/
2026-02-26 11:32:45,553 [WARN] DbFile:41 - Overriding database path with different value: C:\Users\conar\.stmcufinder\plugins\mcufinder/ => C:\Users\conar\.stmcufinder\plugins\mcufinder
2026-02-26 11:32:45,553 [INFO] ApiDb:250 - Set database path to: C:\Users\conar\.stmcufinder\plugins\mcufinder//mcu/
2026-02-26 11:32:45,553 [WARN] DbFile:41 - Overriding database path with different value: C:\Users\conar\.stmcufinder\plugins\mcufinder/ => C:\Users\conar\.stmcufinder\plugins\mcufinder
2026-02-26 11:32:45,553 [INFO] DbMcusAds:125 - Set database path to: C:\Users\conar\.stmcufinder\plugins\mcufinder//mcu/
2026-02-26 11:32:45,554 [WARN] DbFile:41 - Overriding database path with different value: C:\Users\conar\.stmcufinder\plugins\mcufinder/ => C:\Users\conar\.stmcufinder\plugins\mcufinder
2026-02-26 11:32:45,554 [WARN] DbFile:41 - Overriding database path with different value: C:\Users\conar\.stmcufinder\plugins\mcufinder/ => C:\Users\conar\.stmcufinder\plugins\mcufinder
2026-02-26 11:32:45,554 [INFO] CrossReferenceDbSqlite:203 - Set database path to: C:\Users\conar\.stmcufinder\plugins\mcufinder//mcu/cs/
2026-02-26 11:32:45,565 [INFO] ApplicationProperties:184 - Using Application install path: C:\ST\STM32CubeIDE_1.18.1\STM32CubeIDE\plugins\com.st.stm32cube.common.mx_6.14.1.202504091515
2026-02-26 11:32:45,566 [INFO] PluginManage:196 - Search for loadable plugins [exclusion list=, ]
2026-02-26 11:32:45,567 [INFO] PluginManage:310 - Check plugin analytics
2026-02-26 11:32:45,687 [INFO] AnalyticsPlugin:253 - Accepted Software Licenses: 
2026-02-26 11:32:45,687 [INFO] AnalyticsPlugin:255 - Accepted CMSIS Pack Licenses: 
2026-02-26 11:32:45,687 [INFO] AnalyticsPlugin:257 - Accepted Firmware Licenses: FW.F4.1.28.0
2026-02-26 11:32:45,689 [INFO] PluginManage:359 - Loaded plugin analytics (category:tool,tabindex:-1)
2026-02-26 11:32:45,689 [INFO] PluginManage:310 - Check plugin cadmodel
2026-02-26 11:32:45,692 [INFO] CADModel:105 - Init CAD model plugin
2026-02-26 11:32:45,692 [INFO] PluginManage:359 - Loaded plugin cadmodel (category:power,tabindex:5)
2026-02-26 11:32:45,692 [INFO] PluginManage:310 - Check plugin clock
2026-02-26 11:32:45,698 [INFO] PluginManage:359 - Loaded plugin clock (category:base,tabindex:2)
2026-02-26 11:32:45,698 [INFO] PluginManage:310 - Check plugin ddr
2026-02-26 11:32:45,699 [INFO] PluginManage:359 - Loaded plugin ddr (category:tool,tabindex:6)
2026-02-26 11:32:45,699 [INFO] PluginManage:310 - Check plugin filemanager
2026-02-26 11:32:45,832 [INFO] PluginManage:359 - Loaded plugin filemanager (category:base,tabindex:10)
2026-02-26 11:32:45,833 [INFO] PluginManage:310 - Check plugin ipmanager
2026-02-26 11:32:45,839 [INFO] PluginManage:359 - Loaded plugin ipmanager (category:base,tabindex:5)
2026-02-26 11:32:45,839 [INFO] PluginManage:310 - Check plugin lpbam
2026-02-26 11:32:45,845 [INFO] PluginManage:359 - Loaded plugin lpbam (category:base,tabindex:0)
2026-02-26 11:32:45,845 [INFO] PluginManage:310 - Check plugin memorymap
2026-02-26 11:32:45,853 [INFO] PluginManage:359 - Loaded plugin memorymap (category:base,tabindex:4)
2026-02-26 11:32:45,853 [INFO] PluginManage:310 - Check plugin pinoutandconfiguration
2026-02-26 11:32:45,858 [INFO] PluginManage:359 - Loaded plugin pinoutandconfiguration (category:base,tabindex:1)
2026-02-26 11:32:45,858 [INFO] PluginManage:310 - Check plugin pinoutconfig
2026-02-26 11:32:45,915 [WARN] SupportedApi:132 - Cannot load RTOS API schema: s4s-elt-must-match.1: The content of 'definitions' must match (annotation?, (simpleType | complexType)?, (unique | key | keyref)*)). A problem was found starting at: attribute.
2026-02-26 11:32:46,015 [INFO] PluginManage:359 - Loaded plugin pinoutconfig (category:base,tabindex:0)
2026-02-26 11:32:46,015 [INFO] PluginManage:310 - Check plugin power
2026-02-26 11:32:46,022 [INFO] PluginManage:359 - Loaded plugin power (category:power,tabindex:4)
2026-02-26 11:32:46,022 [INFO] PluginManage:310 - Check plugin projectmanager
2026-02-26 11:32:46,033 [INFO] PluginManage:359 - Loaded plugin projectmanager (category:projectmanager,tabindex:4)
2026-02-26 11:32:46,034 [INFO] PluginManage:310 - Check plugin rif
2026-02-26 11:32:46,038 [INFO] PluginManage:359 - Loaded plugin rif (category:base,tabindex:3)
2026-02-26 11:32:46,038 [INFO] PluginManage:310 - Check plugin thirdparty
2026-02-26 11:32:46,127 [INFO] PluginManage:359 - Loaded plugin thirdparty (category:base,tabindex:-1)
2026-02-26 11:32:46,127 [WARN] IntegrityCheckThread:84 - waiting for thirdparty lock release [integrity check]
2026-02-26 11:32:46,127 [INFO] PluginManage:310 - Check plugin tools
2026-02-26 11:32:46,127 [INFO] IntegrityCheckThread:86 - entering critical section [integrity check]
2026-02-26 11:32:46,128 [INFO] ThirdPartyUpdaterWithRetryManager:70 - Updater plugin not ready yet. [1/15]
2026-02-26 11:32:46,129 [INFO] PluginManage:359 - Loaded plugin tools (category:base,tabindex:7)
2026-02-26 11:32:46,129 [INFO] PluginManage:310 - Check plugin tutovideos
2026-02-26 11:32:46,243 [INFO] PluginManage:359 - Loaded plugin tutovideos (category:base,tabindex:-1)
2026-02-26 11:32:46,243 [INFO] PluginManage:310 - Check plugin updater
2026-02-26 11:32:46,258 [INFO] PluginManage:359 - Loaded plugin updater (category:base,tabindex:12)
2026-02-26 11:32:46,258 [INFO] PluginManage:310 - Check plugin userauth
2026-02-26 11:32:46,260 [INFO] UserAuth:118 - Init User Auth plugin
2026-02-26 11:32:46,261 [INFO] PluginManage:359 - Loaded plugin userauth (category:base,tabindex:14)
2026-02-26 11:32:46,261 [INFO] PluginManage:283 - PluginManage : Loaded plugins [18]
2026-02-26 11:32:46,397 [INFO] PinOutPanel:1589 - setPackage(No Configuration,No Configuration)
2026-02-26 11:32:46,459 [INFO] CADModel:165 - CPN selected for project level
2026-02-26 11:32:46,459 [INFO] CADModel:114 - Register for checkConnection events
2026-02-26 11:32:46,470 [INFO] IPUIPlugin:80 - create IPUIPlugin
2026-02-26 11:32:46,470 [INFO] PluginManager:220 - loadIPPluginJar : add adc
2026-02-26 11:32:46,472 [INFO] IPUIPlugin:80 - create IPUIPlugin
2026-02-26 11:32:46,472 [INFO] PluginManager:220 - loadIPPluginJar : add aes
2026-02-26 11:32:46,474 [INFO] IPUIPlugin:80 - create IPUIPlugin
2026-02-26 11:32:46,474 [INFO] PluginManager:220 - loadIPPluginJar : add can
2026-02-26 11:32:46,475 [INFO] IPUIPlugin:80 - create IPUIPlugin
2026-02-26 11:32:46,475 [INFO] PluginManager:220 - loadIPPluginJar : add comp
2026-02-26 11:32:46,476 [INFO] IPUIPlugin:80 - create IPUIPlugin
2026-02-26 11:32:46,476 [INFO] PluginManager:220 - loadIPPluginJar : add cryp
2026-02-26 11:32:46,478 [INFO] IPUIPlugin:80 - create IPUIPlugin
2026-02-26 11:32:46,478 [INFO] PluginManager:220 - loadIPPluginJar : add ddr_ctrl_phy
2026-02-26 11:32:46,479 [INFO] IPUIPlugin:80 - create IPUIPlugin
2026-02-26 11:32:46,479 [INFO] PluginManager:220 - loadIPPluginJar : add dfsdm
2026-02-26 11:32:46,483 [INFO] IPUIPlugin:80 - create IPUIPlugin
2026-02-26 11:32:46,484 [INFO] PluginManager:220 - loadIPPluginJar : add dma
2026-02-26 11:32:46,486 [INFO] IPUIPlugin:80 - create IPUIPlugin
2026-02-26 11:32:46,486 [INFO] PluginManager:220 - loadIPPluginJar : add dma3
2026-02-26 11:32:46,488 [INFO] IPUIPlugin:80 - create IPUIPlugin
2026-02-26 11:32:46,488 [INFO] PluginManager:220 - loadIPPluginJar : add extmemmanager
2026-02-26 11:32:46,489 [INFO] IPUIPlugin:80 - create IPUIPlugin
2026-02-26 11:32:46,489 [INFO] PluginManager:220 - loadIPPluginJar : add fatfs
2026-02-26 11:32:46,492 [INFO] IPUIPlugin:80 - create IPUIPlugin
2026-02-26 11:32:46,492 [INFO] PluginManager:220 - loadIPPluginJar : add fmc
2026-02-26 11:32:46,495 [INFO] IPUIPlugin:80 - create IPUIPlugin
2026-02-26 11:32:46,496 [INFO] PluginManager:220 - loadIPPluginJar : add freertos
2026-02-26 11:32:46,497 [INFO] IPUIPlugin:80 - create IPUIPlugin
2026-02-26 11:32:46,497 [INFO] PluginManager:220 - loadIPPluginJar : add genericplugin
2026-02-26 11:32:46,498 [INFO] IPUIPlugin:80 - create IPUIPlugin
2026-02-26 11:32:46,498 [INFO] PluginManager:220 - loadIPPluginJar : add gfxmmu
2026-02-26 11:32:46,502 [INFO] IPUIPlugin:80 - create IPUIPlugin
2026-02-26 11:32:46,502 [INFO] PluginManager:220 - loadIPPluginJar : add gic
2026-02-26 11:32:46,505 [INFO] IPUIPlugin:80 - create IPUIPlugin
2026-02-26 11:32:46,505 [INFO] PluginManager:220 - loadIPPluginJar : add gpio
2026-02-26 11:32:46,507 [INFO] IPUIPlugin:80 - create IPUIPlugin
2026-02-26 11:32:46,507 [INFO] PluginManager:220 - loadIPPluginJar : add gtzc
2026-02-26 11:32:46,508 [INFO] IPUIPlugin:80 - create IPUIPlugin
2026-02-26 11:32:46,508 [INFO] PluginManager:220 - loadIPPluginJar : add hash
2026-02-26 11:32:46,510 [INFO] IPUIPlugin:80 - create IPUIPlugin
2026-02-26 11:32:46,510 [INFO] PluginManager:220 - loadIPPluginJar : add i2c
2026-02-26 11:32:46,511 [INFO] IPUIPlugin:80 - create IPUIPlugin
2026-02-26 11:32:46,511 [INFO] PluginManager:220 - loadIPPluginJar : add i2s
2026-02-26 11:32:46,513 [INFO] IPUIPlugin:80 - create IPUIPlugin
2026-02-26 11:32:46,513 [INFO] PluginManager:220 - loadIPPluginJar : add i3c
2026-02-26 11:32:46,515 [INFO] IPUIPlugin:80 - create IPUIPlugin
2026-02-26 11:32:46,515 [INFO] PluginManager:220 - loadIPPluginJar : add ipddr
2026-02-26 11:32:46,519 [INFO] IPUIPlugin:80 - create IPUIPlugin
2026-02-26 11:32:46,519 [INFO] PluginManager:220 - loadIPPluginJar : add linkedlist
2026-02-26 11:32:46,521 [INFO] IPUIPlugin:80 - create IPUIPlugin
2026-02-26 11:32:46,522 [INFO] PluginManager:220 - loadIPPluginJar : add lorawan
2026-02-26 11:32:46,523 [INFO] IPUIPlugin:80 - create IPUIPlugin
2026-02-26 11:32:46,523 [INFO] PluginManager:220 - loadIPPluginJar : add ltdc
2026-02-26 11:32:46,526 [INFO] IPUIPlugin:80 - create IPUIPlugin
2026-02-26 11:32:46,526 [INFO] PluginManager:220 - loadIPPluginJar : add mdma
2026-02-26 11:32:46,529 [INFO] IPUIPlugin:80 - create IPUIPlugin
2026-02-26 11:32:46,529 [INFO] PluginManager:220 - loadIPPluginJar : add nvic
2026-02-26 11:32:46,531 [INFO] IPUIPlugin:80 - create IPUIPlugin
2026-02-26 11:32:46,531 [INFO] PluginManager:220 - loadIPPluginJar : add opamp
2026-02-26 11:32:46,533 [INFO] IPUIPlugin:80 - create IPUIPlugin
2026-02-26 11:32:46,533 [INFO] PluginManager:220 - loadIPPluginJar : add openamp
2026-02-26 11:32:46,535 [INFO] IPUIPlugin:80 - create IPUIPlugin
2026-02-26 11:32:46,535 [INFO] PluginManager:220 - loadIPPluginJar : add pdm2pcm
2026-02-26 11:32:46,539 [INFO] IPUIPlugin:80 - create IPUIPlugin
2026-02-26 11:32:46,541 [INFO] PluginManager:220 - loadIPPluginJar : add plateformsettings
2026-02-26 11:32:46,542 [INFO] IPUIPlugin:80 - create IPUIPlugin
2026-02-26 11:32:46,543 [INFO] PluginManager:220 - loadIPPluginJar : add quadspi
2026-02-26 11:32:46,545 [INFO] IPUIPlugin:80 - create IPUIPlugin
2026-02-26 11:32:46,546 [INFO] PluginManager:220 - loadIPPluginJar : add radio
2026-02-26 11:32:46,548 [INFO] IPUIPlugin:80 - create IPUIPlugin
2026-02-26 11:32:46,549 [INFO] PluginManager:220 - loadIPPluginJar : add resmgrutility
2026-02-26 11:32:46,551 [INFO] IPUIPlugin:80 - create IPUIPlugin
2026-02-26 11:32:46,551 [INFO] PluginManager:220 - loadIPPluginJar : add sai
2026-02-26 11:32:46,553 [INFO] IPUIPlugin:80 - create IPUIPlugin
2026-02-26 11:32:46,553 [INFO] PluginManager:220 - loadIPPluginJar : add spi
2026-02-26 11:32:46,558 [INFO] IPUIPlugin:80 - create IPUIPlugin
2026-02-26 11:32:46,558 [INFO] PluginManager:220 - loadIPPluginJar : add stm32_wpan
2026-02-26 11:32:46,559 [INFO] IPUIPlugin:80 - create IPUIPlugin
2026-02-26 11:32:46,559 [INFO] PluginManager:220 - loadIPPluginJar : add tim
2026-02-26 11:32:46,562 [INFO] IPUIPlugin:80 - create IPUIPlugin
2026-02-26 11:32:46,562 [INFO] PluginManager:220 - loadIPPluginJar : add touchsensing
2026-02-26 11:32:46,564 [INFO] IPUIPlugin:80 - create IPUIPlugin
2026-02-26 11:32:46,564 [INFO] PluginManager:220 - loadIPPluginJar : add tracer_emb
2026-02-26 11:32:46,565 [INFO] IPUIPlugin:80 - create IPUIPlugin
2026-02-26 11:32:46,565 [INFO] PluginManager:220 - loadIPPluginJar : add ts
2026-02-26 11:32:46,566 [INFO] IPUIPlugin:80 - create IPUIPlugin
2026-02-26 11:32:46,566 [INFO] PluginManager:220 - loadIPPluginJar : add tsc
2026-02-26 11:32:46,567 [INFO] IPUIPlugin:80 - create IPUIPlugin
2026-02-26 11:32:46,567 [INFO] PluginManager:220 - loadIPPluginJar : add ucpd
2026-02-26 11:32:46,569 [INFO] IPUIPlugin:80 - create IPUIPlugin
2026-02-26 11:32:46,569 [INFO] PluginManager:220 - loadIPPluginJar : add usart
2026-02-26 11:32:46,571 [INFO] IPUIPlugin:80 - create IPUIPlugin
2026-02-26 11:32:46,571 [INFO] PluginManager:220 - loadIPPluginJar : add usbx
2026-02-26 11:32:46,684 [FATAL] Updater:351 - Updater called before beeing initialized
2026-02-26 11:32:46,703 [INFO] RulesReader:64 - Compatibility file has been processed (302 Rules)
2026-02-26 11:32:46,712 [INFO] RulesReader:64 - Compatibility file has been processed (302 Rules)
2026-02-26 11:32:46,716 [INFO] CADModel:165 - CPN selected for project level
2026-02-26 11:32:46,717 [INFO] CADModel:114 - Register for checkConnection events
2026-02-26 11:32:46,717 [FATAL] Updater:351 - Updater called before beeing initialized
2026-02-26 11:32:46,717 [ERROR] CADModel:125 - Updater not yet initialized, retry later 
2026-02-26 11:32:46,811 [FATAL] Updater:351 - Updater called before beeing initialized
2026-02-26 11:32:46,812 [INFO] CADModel:165 - CPN selected for project level
2026-02-26 11:32:46,812 [INFO] CADModel:114 - Register for checkConnection events
2026-02-26 11:32:46,812 [FATAL] Updater:351 - Updater called before beeing initialized
2026-02-26 11:32:46,812 [ERROR] CADModel:125 - Updater not yet initialized, retry later 
2026-02-26 11:32:46,814 [FATAL] Updater:351 - Updater called before beeing initialized
2026-02-26 11:32:46,889 [FATAL] Updater:351 - Updater called before beeing initialized
2026-02-26 11:32:46,892 [INFO] DbMcusAds:53 - JSON generation date=Tue Jul 08 01:14:23 PDT 2025 (1751962463582)
2026-02-26 11:32:46,892 [FATAL] Updater:351 - Updater called before beeing initialized
2026-02-26 11:32:46,917 [WARN] DetailPanel:346 - Failed to get advertising image, set to default
2026-02-26 11:32:47,112 [FATAL] Updater:351 - Updater called before beeing initialized
2026-02-26 11:32:47,113 [FATAL] Updater:351 - Updater called before beeing initialized
2026-02-26 11:32:47,113 [FATAL] Updater:351 - Updater called before beeing initialized
2026-02-26 11:32:47,113 [WARN] DetailPanel:346 - Failed to get advertising image, set to default
2026-02-26 11:32:47,114 [FATAL] Updater:351 - Updater called before beeing initialized
2026-02-26 11:32:47,147 [ERROR] Updater:1198 - MainUpdater not yet initialized. External WinMGr cannot be set.
2026-02-26 11:32:47,148 [INFO] Updater:1134 - Updater Version found : 6.14.1
2026-02-26 11:32:47,159 [INFO] ApplicationProperties:184 - Using Application install path: C:\ST\STM32CubeIDE_1.18.1\STM32CubeIDE\plugins\com.st.stm32cube.common.mx_6.14.1.202504091515
2026-02-26 11:32:48,724 [ERROR] LogOutputStream:75 - [STDERR_REDIRECT] Feb 26, 2026 11:32:48 AM java.util.prefs.WindowsPreferences <init>
2026-02-26 11:32:48,726 [ERROR] LogOutputStream:75 - [STDERR_REDIRECT] WARNING: Could not open/create prefs root node Software\JavaSoft\Prefs at root 0xffffffff80000002. Windows RegCreateKeyEx(...) returned error code 5.
2026-02-26 11:32:48,726 [ERROR] LogOutputStream:75 - [STDERR_REDIRECT] 
2026-02-26 11:32:49,075 [INFO] MainUpdater:2872 - connection check result : 10
2026-02-26 11:32:49,076 [INFO] MainUpdater:289 - Updater Check For Update Now.
2026-02-26 11:32:49,076 [INFO] MicroXplorer:498 - Change Database Version : DB.6.0.141
2026-02-26 11:32:49,080 [INFO] McuFinderGlobals:63 - Set McuFinder mode to 2 (CubeIDE integrated)
2026-02-26 11:32:49,081 [INFO] UserAuth:484 - Internet connection configuration mode: 1
2026-02-26 11:32:49,094 [INFO] JxBrowserEngine:152 - Initiate JxBrowser Engine with user profile folder
2026-02-26 11:32:49,128 [WARN] MainUpdater:1193 - Updater busy. Cannot search thirdparties
2026-02-26 11:32:49,128 [INFO] ThirdPartyUpdaterWithRetryManager:96 - Updater plugin is busy. [1/15]
2026-02-26 11:32:49,242 [INFO] CheckServerUpdateThread:120 - End of CheckServer Thread
2026-02-26 11:32:49,568 [INFO] WebApp:169 - Instantiating new browser for Auth
2026-02-26 11:32:50,037 [INFO] WebApp:463 - Apply proxy settings
2026-02-26 11:32:50,037 [INFO] WebApp:548 - Chromium requires no authentication
2026-02-26 11:32:50,042 [INFO] WebApp:491 - Direct internet connection detected
2026-02-26 11:32:50,058 [INFO] WebApp:894 - Register for checkConnection events
2026-02-26 11:32:50,060 [INFO] WebApp:463 - Apply proxy settings
2026-02-26 11:32:50,060 [INFO] WebApp:548 - Chromium requires no authentication
2026-02-26 11:32:50,060 [INFO] WebApp:491 - Direct internet connection detected
2026-02-26 11:32:50,166 [INFO] WebApp:225 - Starting web application
2026-02-26 11:32:50,167 [INFO] WebApp:593 - Web application path used C:\ST\STM32CubeIDE_1.18.1\STM32CubeIDE\plugins\com.st.stm32cube.common.mx_6.14.1.202504091515\db\plugins\mcufinder\reactClient1\index.html
2026-02-26 11:32:50,230 [INFO] UserAuth:484 - Internet connection configuration mode: 1
2026-02-26 11:32:50,326 [INFO] WebApp:191 - Connection restablished
2026-02-26 11:32:52,288 [WARN] PackLoader:240 - Cannot read IP mode file for STMicroelectronics.FP-SNS-MOTENVWB1.1.4.0
2026-02-26 11:32:52,295 [WARN] PackLoader:240 - Cannot read IP mode file for STMicroelectronics.FP-ATR-ASTRA1.2.0.2
2026-02-26 11:32:52,304 [WARN] PackLoader:240 - Cannot read IP mode file for STMicroelectronics.X-CUBE-SMBUS.2.1.0
2026-02-26 11:32:52,309 [WARN] PackLoader:240 - Cannot read IP mode file for STMicroelectronics.X-CUBE-ST60.1.0.0
2026-02-26 11:32:52,313 [WARN] PackLoader:240 - Cannot read IP mode file for STMicroelectronics.X-CUBE-TOUCHGFX.4.23.0
2026-02-26 11:32:52,336 [WARN] PackLoader:240 - Cannot read IP mode file for STMicroelectronics.X-CUBE-AZRTOS-F7.1.1.0
2026-02-26 11:32:52,346 [WARN] PackLoader:240 - Cannot read IP mode file for STMicroelectronics.FP-SNS-MOTENV1.4.3.2
2026-02-26 11:32:52,351 [ERROR] Engine:466 - C:\Users\conar\.stm32cubemx\thirdparties\pdsc\STMicroelectronics.FP-SNS-MOTENV1.5.1.0.pdsc: PDSC version is not supported
2026-02-26 11:32:52,354 [WARN] PackLoader:240 - Cannot read IP mode file for STMicroelectronics.FP-SNS-FLIGHT1.5.0.2
2026-02-26 11:32:52,376 [WARN] PackLoader:240 - Cannot read IP mode file for STMicroelectronics.X-CUBE-AZRTOS-H7.3.4.0
2026-02-26 11:32:52,384 [WARN] PackLoader:240 - Cannot read IP mode file for STMicroelectronics.X-CUBE-DISPLAY.3.0.0
2026-02-26 11:32:52,389 [ERROR] Engine:466 - C:\Users\conar\.stm32cubemx\thirdparties\pdsc\STMicroelectronics.FP-SNS-MOTENVWB1.1.5.0.pdsc: PDSC version is not supported
2026-02-26 11:32:52,395 [WARN] PackLoader:240 - Cannot read IP mode file for STMicroelectronics.X-CUBE-BLE1.7.0.0
2026-02-26 11:32:52,399 [WARN] PackLoader:240 - Cannot read IP mode file for STMicroelectronics.X-CUBE-NFC10.1.0.0
2026-02-26 11:32:52,408 [WARN] PackLoader:240 - Cannot read IP mode file for STMicroelectronics.X-CUBE-BLEMGR.4.0.0
2026-02-26 11:32:52,413 [WARN] PackLoader:240 - Cannot read IP mode file for STMicroelectronics.X-CUBE-ST60.1.1.0
2026-02-26 11:32:52,418 [WARN] PackLoader:240 - Cannot read IP mode file for emotas.I-CUBE-CANOPEN.1.3.0
2026-02-26 11:32:52,421 [WARN] PackLoader:240 - Cannot read IP mode file for STMicroelectronics.X-CUBE-GNSS1.7.1.0
2026-02-26 11:32:52,426 [WARN] ConditionMgr:438 - getConditionDescription Invalid condition id : Cortex-A Device cause : null
2026-02-26 11:32:52,436 [WARN] ConditionMgr:1044 - genDependencies : Invalid condition id : Cortex-A Device cause : null
2026-02-26 11:32:52,436 [WARN] ConditionMgr:1044 - genDependencies : Invalid condition id : Cortex-A Device cause : null
2026-02-26 11:32:52,436 [WARN] ConditionMgr:1044 - genDependencies : Invalid condition id : Cortex-A Device cause : null
2026-02-26 11:32:52,441 [WARN] PackLoader:240 - Cannot read IP mode file for STMicroelectronics.X-CUBE-BLEMGR.3.1.0
2026-02-26 11:32:52,445 [ERROR] Engine:466 - C:\Users\conar\.stm32cubemx\thirdparties\pdsc\STMicroelectronics.FP-SNS-STBOX1.2.1.0.pdsc: PDSC version is not supported
2026-02-26 11:32:52,448 [WARN] PackLoader:240 - Cannot read IP mode file for STMicroelectronics.FP-SNS-SMARTAG2.1.2.0
2026-02-26 11:32:52,451 [WARN] PackLoader:240 - Cannot read IP mode file for STMicroelectronics.FP-SNS-FLIGHT1.5.1.0
2026-02-26 11:32:52,458 [INFO] LogOutputStream:77 - [STDOUT_REDIRECT] 1 : Invalid condition id : UX_CORESTACK_Condition cause : null
2026-02-26 11:32:52,459 [INFO] LogOutputStream:77 - [STDOUT_REDIRECT] 1 : Invalid condition id : UX_CORESTACK_Condition cause : null
2026-02-26 11:32:52,459 [INFO] LogOutputStream:77 - [STDOUT_REDIRECT] 1 : Invalid condition id : UX_CORESTACK_Condition cause : null
2026-02-26 11:32:52,460 [INFO] LogOutputStream:77 - [STDOUT_REDIRECT] 1 : Invalid condition id : UX_CORESTACK_Condition cause : null
2026-02-26 11:32:52,461 [INFO] LogOutputStream:77 - [STDOUT_REDIRECT] 1 : Invalid condition id : UX_CORESTACK_Condition cause : null
2026-02-26 11:32:52,462 [WARN] PackLoader:240 - Cannot read IP mode file for STMicroelectronics.X-CUBE-AZRTOS-WL.2.0.0
2026-02-26 11:32:52,477 [WARN] PackLoader:240 - Cannot read IP mode file for STMicroelectronics.FP-SNS-MOTENV1.5.0.0
2026-02-26 11:32:52,488 [WARN] PackLoader:240 - Cannot read IP mode file for STMicroelectronics.X-CUBE-AZRTOS-H7RS.1.2.0
2026-02-26 11:32:52,496 [WARN] PackLoader:240 - Cannot read IP mode file for WES.I-CUBE-Cesium.1.3.0
2026-02-26 11:32:52,498 [WARN] PackLoader:240 - Cannot read IP mode file for STMicroelectronics.X-CUBE-BLE2.3.3.0
2026-02-26 11:32:52,509 [WARN] PackLoader:240 - Cannot read IP mode file for STMicroelectronics.X-CUBE-NFC9.1.0.0
2026-02-26 11:32:52,513 [WARN] PackLoader:240 - Cannot read IP mode file for STMicroelectronics.X-CUBE-BLE1.7.1.0
2026-02-26 11:32:52,517 [WARN] PackLoader:240 - Cannot read IP mode file for wolfSSL.I-CUBE-wolfMQTT.1.19.2
2026-02-26 11:32:52,518 [ERROR] Engine:466 - C:\Users\conar\.stm32cubemx\thirdparties\pdsc\STMicroelectronics.X-CUBE-FREERTOS.1.4.0.pdsc: PDSC version is not supported
2026-02-26 11:32:52,522 [WARN] PackLoader:240 - Cannot read IP mode file for STMicroelectronics.X-CUBE-EEPRMA1.5.2.0
2026-02-26 11:32:52,526 [ERROR] Engine:466 - C:\Users\conar\.stm32cubemx\thirdparties\pdsc\STMicroelectronics.X-CUBE-ST67W61.1.1.0.pdsc: PDSC version is not supported
2026-02-26 11:32:52,528 [WARN] PackLoader:240 - Cannot read IP mode file for STMicroelectronics.X-CUBE-AI.10.1.0
2026-02-26 11:32:52,552 [WARN] PackLoader:240 - Cannot read IP mode file for STMicroelectronics.X-CUBE-MEMS1.12.0.0
2026-02-26 11:32:52,607 [WARN] PackLoader:240 - Cannot read IP mode file for STMicroelectronics.X-CUBE-ALGOBUILD.1.3.0
2026-02-26 11:32:52,615 [WARN] PackLoader:240 - Cannot read IP mode file for STMicroelectronics.X-CUBE-AZRTOS-G0.1.1.0
2026-02-26 11:32:52,621 [WARN] PackLoader:240 - Cannot read IP mode file for STMicroelectronics.X-CUBE-SAFEA1.1.2.2
2026-02-26 11:32:52,626 [WARN] PackLoader:240 - Cannot read IP mode file for STMicroelectronics.X-CUBE-NFC4.3.0.0
2026-02-26 11:32:52,632 [WARN] PackLoader:240 - Cannot read IP mode file for EmbeddedOffice.I-CUBE-FS-RTOS.1.0.1
2026-02-26 11:32:52,636 [WARN] PackLoader:240 - Cannot read IP mode file for STMicroelectronics.X-CUBE-WB05N.2.0.0
2026-02-26 11:32:52,639 [WARN] PackLoader:240 - Cannot read IP mode file for wolfSSL.I-CUBE-wolfTPM.3.8.0
2026-02-26 11:32:52,643 [WARN] PackLoader:240 - Cannot read IP mode file for STMicroelectronics.X-CUBE-TCPP.4.2.0
2026-02-26 11:32:52,647 [WARN] PackLoader:240 - Cannot read IP mode file for RealThread.X-CUBE-RT-Thread_Nano.4.1.1
2026-02-26 11:32:52,650 [WARN] PackLoader:240 - Cannot read IP mode file for STMicroelectronics.FP-ATR-SIGFOX1.3.2.0
2026-02-26 11:32:52,653 [WARN] PackLoader:240 - Cannot read IP mode file for STMicroelectronics.X-CUBE-EEPRMA1.5.1.0
2026-02-26 11:32:52,667 [WARN] PackLoader:240 - Cannot read IP mode file for STMicroelectronics.X-CUBE-NFC6.3.2.0
2026-02-26 11:32:52,675 [WARN] PackLoader:240 - Cannot read IP mode file for STMicroelectronics.X-CUBE-ST67W61.1.0.0
2026-02-26 11:32:52,677 [WARN] PackLoader:240 - Cannot read IP mode file for STMicroelectronics.X-CUBE-AI.10.2.0
2026-02-26 11:32:52,714 [WARN] PackLoader:240 - Cannot read IP mode file for SEGGER.I-CUBE-embOS.1.3.1
2026-02-26 11:32:52,749 [WARN] PackLoader:240 - Cannot read IP mode file for STMicroelectronics.X-CUBE-ALGOBUILD.1.4.0
2026-02-26 11:32:52,773 [WARN] PackLoader:240 - Cannot read IP mode file for STMicroelectronics.X-CUBE-MEMS1.11.3.0
2026-02-26 11:32:52,838 [WARN] PackLoader:240 - Cannot read IP mode file for STMicroelectronics.X-CUBE-PM33A1.1.0.0
2026-02-26 11:32:52,842 [WARN] PackLoader:240 - Cannot read IP mode file for STMicroelectronics.X-CUBE-GNSS1.6.0.0
2026-02-26 11:32:52,850 [WARN] PackLoader:240 - Cannot read IP mode file for STMicroelectronics.X-CUBE-AZRTOS-F4.1.1.0
2026-02-26 11:32:52,854 [WARN] PackLoader:240 - Cannot read IP mode file for Avnet-IotConnect.X-CUBE-IoTC-DA16k-PMOD.1.0.0
2026-02-26 11:32:52,857 [WARN] PackLoader:240 - Cannot read IP mode file for STMicroelectronics.X-CUBE-ISPU.2.1.0
2026-02-26 11:32:52,860 [ERROR] Engine:466 - C:\Users\conar\.stm32cubemx\thirdparties\pdsc\STMicroelectronics.X-CUBE-IPS.3.2.0.pdsc: PDSC version is not supported
2026-02-26 11:32:52,863 [WARN] PackLoader:240 - Cannot read IP mode file for wolfSSL.I-CUBE-wolfSSL.5.6.6
2026-02-26 11:32:52,866 [WARN] PackLoader:240 - Cannot read IP mode file for STMicroelectronics.X-CUBE-NFC12.1.0.0
2026-02-26 11:32:52,876 [WARN] PackLoader:240 - Cannot read IP mode file for STMicroelectronics.X-CUBE-AZRTOS-L5.2.0.0
2026-02-26 11:32:52,881 [WARN] PackLoader:240 - Cannot read IP mode file for STMicroelectronics.X-CUBE-NFC6.3.1.0
2026-02-26 11:32:52,886 [WARN] PackLoader:240 - Cannot read IP mode file for ITTIA_DB.I-CUBE-ITTIADB.8.8.0
2026-02-26 11:32:52,889 [WARN] PackLoader:240 - Cannot read IP mode file for STMicroelectronics.X-CUBE-FREERTOS.1.3.1
2026-02-26 11:32:52,893 [WARN] PackLoader:240 - Cannot read IP mode file for STMicroelectronics.X-CUBE-NFC7.1.0.1
2026-02-26 11:32:52,896 [WARN] PackLoader:240 - Cannot read IP mode file for STMicroelectronics.X-CUBE-TOUCHGFX.4.26.0
2026-02-26 11:32:52,899 [WARN] PackLoader:240 - Cannot read IP mode file for STMicroelectronics.X-CUBE-NFC6.3.0.0
2026-02-26 11:32:52,904 [WARN] PackLoader:240 - Cannot read IP mode file for STMicroelectronics.FP-SNS-STAIOTCFT.1.0.0
2026-02-26 11:32:52,908 [WARN] PackLoader:240 - Cannot read IP mode file for STMicroelectronics.X-CUBE-DPower.1.3.0
2026-02-26 11:32:52,912 [WARN] PackLoader:240 - Cannot read IP mode file for STMicroelectronics.X-CUBE-AI.8.1.0
2026-02-26 11:32:52,922 [WARN] ConditionMgr:438 - getConditionDescription Invalid condition id : LAN8742 Phy interface Condition cause : null
2026-02-26 11:32:52,924 [WARN] PackLoader:240 - Cannot read IP mode file for STMicroelectronics.X-CUBE-AZRTOS-L4.2.0.0
2026-02-26 11:32:52,925 [WARN] ConditionMgr:1044 - genDependencies : Invalid condition id : LAN8742 Phy interface Condition cause : null
2026-02-26 11:32:52,925 [WARN] ConditionMgr:1044 - genDependencies : Invalid condition id : LAN8742 Phy interface Condition cause : null
2026-02-26 11:32:52,925 [WARN] ConditionMgr:1044 - genDependencies : Invalid condition id : LAN8742 Phy interface Condition cause : null
2026-02-26 11:32:52,930 [WARN] PackLoader:240 - Cannot read IP mode file for STMicroelectronics.X-CUBE-SFXS2LP1.4.0.0
2026-02-26 11:32:52,932 [ERROR] Engine:466 - C:\Users\conar\.stm32cubemx\thirdparties\pdsc\STMicroelectronics.X-CUBE-ST67W61.1.2.0.pdsc: PDSC version is not supported
2026-02-26 11:32:52,941 [WARN] PackLoader:240 - Cannot read IP mode file for STMicroelectronics.X-CUBE-AZRTOS-H7.3.3.0
2026-02-26 11:32:52,949 [WARN] PackLoader:240 - Cannot read IP mode file for STMicroelectronics.X-CUBE-BLEMGR.4.1.0
2026-02-26 11:32:52,957 [WARN] ConditionMgr:438 - getConditionDescription Invalid condition id : UX DEVICE CLASS RTOS Condition cause : null
2026-02-26 11:32:52,957 [WARN] ConditionMgr:438 - getConditionDescription Invalid condition id : UX DEVICE CLASS RTOS Condition cause : null
2026-02-26 11:32:52,963 [WARN] PackLoader:240 - Cannot read IP mode file for STMicroelectronics.X-CUBE-AZRTOS-WB.2.0.0
2026-02-26 11:32:52,963 [WARN] ConditionMgr:1044 - genDependencies : Invalid condition id : UX DEVICE CLASS RTOS Condition cause : null
2026-02-26 11:32:52,963 [WARN] ConditionMgr:1044 - genDependencies : Invalid condition id : UX DEVICE CLASS RTOS Condition cause : null
2026-02-26 11:32:52,963 [WARN] ConditionMgr:1044 - genDependencies : Invalid condition id : UX DEVICE CLASS RTOS Condition cause : null
2026-02-26 11:32:52,964 [WARN] ConditionMgr:1044 - genDependencies : Invalid condition id : UX DEVICE CLASS RTOS Condition cause : null
2026-02-26 11:32:52,964 [WARN] ConditionMgr:1044 - genDependencies : Invalid condition id : UX DEVICE CLASS RTOS Condition cause : null
2026-02-26 11:32:52,967 [WARN] PackLoader:240 - Cannot read IP mode file for STMicroelectronics.X-CUBE-GNSS1.7.0.1
2026-02-26 11:32:52,970 [WARN] PackLoader:240 - Cannot read IP mode file for STMicroelectronics.X-CUBE-TOUCHGFX.4.25.0
2026-02-26 11:32:52,975 [WARN] PackLoader:240 - Cannot read IP mode file for STMicroelectronics.FP-SNS-STBOX1.2.0.0
2026-02-26 11:32:52,980 [WARN] PackLoader:240 - Cannot read IP mode file for STMicroelectronics.X-CUBE-STSE01.2.0.0
2026-02-26 11:32:52,987 [WARN] PackLoader:240 - Cannot read IP mode file for STMicroelectronics.X-CUBE-SUBG2.5.0.0
2026-02-26 11:32:52,998 [WARN] PackLoader:240 - Cannot read IP mode file for STMicroelectronics.X-CUBE-AZRTOS-H7RS.1.1.0
2026-02-26 11:32:53,002 [WARN] PackLoader:240 - Cannot read IP mode file for Cesanta.I-CUBE-Mongoose.7.13.0
2026-02-26 11:32:53,010 [WARN] PackLoader:240 - Cannot read IP mode file for STMicroelectronics.X-CUBE-AZRTOS-G4.2.0.0
2026-02-26 11:32:53,019 [WARN] PackLoader:240 - Cannot read IP mode file for Infineon.AIROC-Wi-Fi-Bluetooth-STM32.1.5.1
2026-02-26 11:32:53,024 [WARN] PackLoader:240 - Cannot read IP mode file for wolfSSL.I-CUBE-wolfSSH.1.4.20
2026-02-26 11:32:53,027 [WARN] PackLoader:240 - Cannot read IP mode file for STMicroelectronics.X-CUBE-NFC7.2.0.0
2026-02-26 11:32:53,030 [WARN] PackLoader:240 - Cannot read IP mode file for STMicroelectronics.FP-SNS-MOTENVWB1.1.3.1
2026-02-26 11:32:53,032 [WARN] PackLoader:240 - Cannot read IP mode file for STMicroelectronics.X-CUBE-ISPU.2.0.0
2026-02-26 11:32:53,041 [WARN] PackLoader:240 - Cannot read IP mode file for STMicroelectronics.X-CUBE-IPS.3.1.0
2026-02-26 11:32:53,047 [WARN] PackLoader:240 - Cannot read IP mode file for STMicroelectronics.X-CUBE-ALS.1.0.2
2026-02-26 11:32:53,066 [WARN] PackLoader:240 - Cannot read IP mode file for STMicroelectronics.X-CUBE-MEMS1.10.0.0
2026-02-26 11:32:53,128 [WARN] PackLoader:240 - Cannot read IP mode file for STMicroelectronics.X-CUBE-FREERTOS.1.1.0
2026-02-26 11:32:53,134 [WARN] PackLoader:240 - Cannot read IP mode file for STMicroelectronics.X-CUBE-STSE01.1.0.0
2026-02-26 11:32:53,140 [WARN] PackLoader:240 - Cannot read IP mode file for portGmbH.I-Cube-SoM-uGOAL.1.1.0
2026-02-26 11:32:53,143 [WARN] PackLoader:240 - Cannot read IP mode file for STMicroelectronics.X-CUBE-ALS.1.0.1
2026-02-26 11:32:53,146 [WARN] PackLoader:240 - Cannot read IP mode file for STMicroelectronics.FP-ATR-ASTRA1.2.0.0
2026-02-26 11:32:53,153 [WARN] PackLoader:240 - Cannot read IP mode file for STMicroelectronics.X-CUBE-TOF1.3.4.3
2026-02-26 11:32:53,178 [WARN] PackLoader:240 - Cannot read IP mode file for STMicroelectronics.X-CUBE-TOF1.3.4.1
2026-02-26 11:32:53,196 [WARN] PackLoader:240 - Cannot read IP mode file for STMicroelectronics.X-CUBE-AZRTOS-H7.3.2.0
2026-02-26 11:32:53,199 [INFO] ThirdParty:978 - Integrity check success = true
2026-02-26 11:32:53,199 [INFO] IntegrityCheckThread:100 - exiting critical section [integrity check]
2026-02-26 11:32:53,199 [INFO] IntegrityCheckThread:103 - End integrity checks thread
2026-02-26 11:33:59,753 [ERROR] AdobePublisher:162 - Exception while opening the connection: java.net.UnknownHostException: stmicroelectronics.d3.sc.omtrdc.net
2026-02-26 11:33:59,754 [ERROR] AdobePublisher:162 - Exception while opening the connection: java.net.UnknownHostException: stmicroelectronics.d3.sc.omtrdc.net
2026-02-26 11:33:59,754 [ERROR] AdobePublisher:162 - Exception while opening the connection: java.net.UnknownHostException: stmicroelectronics.d3.sc.omtrdc.net
2026-02-26 11:33:59,754 [ERROR] AdobePublisher:162 - Exception while opening the connection: java.net.UnknownHostException: stmicroelectronics.d3.sc.omtrdc.net
2026-02-26 11:33:59,754 [ERROR] AdobePublisher:162 - Exception while opening the connection: java.net.UnknownHostException: stmicroelectronics.d3.sc.omtrdc.net
2026-02-26 11:33:59,767 [ERROR] AdobePublisher:162 - Exception while opening the connection: java.net.UnknownHostException: stmicroelectronics.d3.sc.omtrdc.net
2026-02-26 11:33:59,767 [ERROR] AdobePublisher:162 - Exception while opening the connection: java.net.UnknownHostException: stmicroelectronics.d3.sc.omtrdc.net
2026-02-26 11:33:59,767 [ERROR] AdobePublisher:162 - Exception while opening the connection: java.net.UnknownHostException: stmicroelectronics.d3.sc.omtrdc.net
2026-02-26 11:33:59,767 [ERROR] AdobePublisher:162 - Exception while opening the connection: java.net.UnknownHostException: stmicroelectronics.d3.sc.omtrdc.net
2026-02-26 11:33:59,768 [ERROR] AdobePublisher:162 - Exception while opening the connection: java.net.UnknownHostException: stmicroelectronics.d3.sc.omtrdc.net
2026-02-26 11:34:00,363 [ERROR] LogOutputStream:75 - [STDERR_REDIRECT] 
2026-02-26 11:34:00,363 [ERROR] LogOutputStream:75 - [STDERR_REDIRECT] 
